SF:lib/controllers/login_controller.dart
DA:22,1
DA:24,1
DA:25,1
DA:26,1
DA:29,1
DA:32,0
DA:33,0
DA:34,0
DA:38,0
DA:40,0
DA:41,0
DA:44,1
DA:46,1
DA:47,1
DA:50,1
DA:53,2
DA:54,0
DA:57,0
DA:58,0
DA:61,0
DA:64,2
DA:68,0
DA:69,0
DA:70,0
DA:80,0
DA:82,0
DA:83,0
DA:84,0
DA:87,0
DA:89,0
DA:90,0
DA:91,0
DA:92,0
DA:93,0
DA:94,0
DA:95,0
DA:99,0
DA:103,0
DA:105,0
DA:106,0
DA:108,0
DA:109,0
DA:111,0
DA:113,0
DA:122,0
DA:123,0
DA:126,0
DA:130,0
DA:134,0
DA:142,0
DA:146,0
DA:148,0
DA:158,0
DA:162,0
DA:163,0
DA:164,0
DA:170,0
DA:177,0
DA:182,0
DA:184,0
DA:186,0
DA:189,0
DA:197,0
DA:198,0
DA:202,0
DA:204,0
LF:66
LH:11
end_of_record
SF:lib/services/auth_service.dart
DA:7,0
LF:1
LH:0
end_of_record
SF:lib/telas/login.dart
DA:6,1
DA:11,1
DA:13,2
DA:15,1
DA:16,1
DA:17,1
DA:18,1
DA:19,1
DA:20,1
DA:21,1
DA:22,1
DA:25,1
DA:27,1
DA:28,1
DA:34,1
DA:36,1
DA:37,1
DA:46,1
DA:48,1
DA:51,1
DA:55,1
DA:61,1
DA:63,1
DA:64,1
DA:66,1
DA:67,2
DA:68,2
DA:70,1
DA:73,1
DA:74,1
DA:75,1
DA:83,1
DA:84,2
DA:86,1
DA:89,1
DA:90,1
DA:91,1
DA:98,1
DA:101,1
DA:102,2
DA:104,3
DA:106,0
DA:108,3
DA:109,1
DA:112,1
DA:113,1
DA:127,2
DA:128,3
DA:131,1
DA:132,1
DA:133,0
DA:134,1
DA:136,1
DA:138,1
DA:139,2
DA:141,1
DA:143,1
DA:145,1
DA:156,1
DA:157,0
LF:60
LH:57
end_of_record
